<?xml version="1.0" encoding="UTF-8"?>
<!-- Generated by org.testng.reporters.JUnitReportReporter -->
<testsuite hostname="Quthyba" failures="0" tests="1" name="govdata.Calender" time="0.009" errors="0" timestamp="2023-09-11T23:08:50 IST" skipped="0">
  <testcase classname="govdata.Calender" name="selectCalenders" time="0.009"/>
</testsuite> <!-- govdata.Calender -->
