<?xml version="1.0" encoding="UTF-8"?>
<!-- Generated by org.testng.reporters.JUnitReportReporter -->
<testsuite hostname="Quthyba" failures="0" tests="4" name="govdata.YesorNoFlag" time="0.011" errors="0" timestamp="2023-09-10T17:28:02 IST" skipped="0">
  <testcase classname="govdata.YesorNoFlag" name="testWithFlagYes" time="0.001"/>
  <testcase classname="govdata.YesorNoFlag" name="testWithFlagYes" time="0.002"/>
  <testcase classname="govdata.YesorNoFlag" name="testWithFlagYes" time="0.001"/>
  <testcase classname="govdata.YesorNoFlag" name="testWithFlagYes" time="0.007"/>
</testsuite> <!-- govdata.YesorNoFlag -->
