<?xml version="1.0" encoding="UTF-8"?>
<!-- Generated by org.testng.reporters.JUnitReportReporter -->
<testsuite hostname="Quthyba" failures="0" tests="4" name="cap.Calender" time="0.012" errors="0" timestamp="2023-09-10T13:36:09 IST" skipped="0">
  <testcase classname="cap.Calender" name="calenderTest" time="0.002"/>
  <testcase classname="cap.Calender" name="calenderTest" time="0.001"/>
  <testcase classname="cap.Calender" name="calenderTest" time="0.007"/>
  <testcase classname="cap.Calender" name="calenderTest" time="0.002"/>
</testsuite> <!-- cap.Calender -->
