<?xml version="1.0" encoding="UTF-8"?>
<!-- Generated by org.testng.reporters.JUnitReportReporter -->
<testsuite hostname="Quthyba" failures="0" tests="1" name="govdata.ErrorFormData" time="4.729" errors="0" timestamp="2023-09-13T10:06:41 IST" skipped="0">
  <testcase classname="govdata.ErrorFormData" name="testDataFromExcel" time="4.729"/>
</testsuite> <!-- govdata.ErrorFormData -->
